<?xml version="1.0" encoding="UTF-8"?>
<!-- Generated by org.testng.reporters.JUnitXMLReporter -->
<testsuite hostname="HP" ignored="0" name="Default test" tests="5" failures="0" timestamp="24 Mar 2019 16:58:34 GMT" time="10.123" errors="0">
  <testcase name="negativeAuthtest1" time="6.015" classname="com.qa.testcases.Authenticate_Test"/>
  <testcase name="negativeAuthtest2" time="0.988" classname="com.qa.testcases.Authenticate_Test"/>
  <testcase name="AuthresponseCode" time="1.007" classname="com.qa.testcases.Authenticate_Test"/>
  <testcase name="AuthresponseContent" time="0.945" classname="com.qa.testcases.Authenticate_Test"/>
  <testcase name="setProfile" time="0.983" classname="com.qa.testcases.MyProfile_Test"/>
</testsuite> <!-- Default test -->
