<?xml version="1.0" encoding="UTF-8"?>
<!-- Generated by org.testng.reporters.JUnitXMLReporter -->
<testsuite hostname="HP" ignored="0" name="Test" tests="6" failures="0" timestamp="24 Mar 2019 18:05:59 GMT" time="13.801" errors="0">
  <testcase name="negativeAuthtest1" time="7.238" classname="com.qa.testcases.Authenticate_Test"/>
  <testcase name="negativeAuthtest2" time="1.053" classname="com.qa.testcases.Authenticate_Test"/>
  <testcase name="AuthresponseCode" time="1.121" classname="com.qa.testcases.Authenticate_Test"/>
  <testcase name="AuthresponseContent" time="1.038" classname="com.qa.testcases.Authenticate_Test"/>
  <testcase name="getMyProfile" time="0.977" classname="com.qa.testcases.MyProfile_Test"/>
  <testcase name="setMyProfile" time="1.019" classname="com.qa.testcases.MyProfile_Test"/>
</testsuite> <!-- Test -->
