<?xml version="1.0" encoding="UTF-8"?>
<!-- Generated by org.testng.reporters.JUnitXMLReporter -->
<testsuite hostname="HP" ignored="0" name="Test" tests="6" failures="0" timestamp="24 Mar 2019 18:16:38 GMT" time="11.722" errors="0">
  <testcase name="negativeAuthtest1" time="6.46" classname="com.qa.testcases.Authenticate_Test"/>
  <testcase name="negativeAuthtest2" time="0.905" classname="com.qa.testcases.Authenticate_Test"/>
  <testcase name="AuthresponseCode" time="0.851" classname="com.qa.testcases.Authenticate_Test"/>
  <testcase name="AuthresponseContent" time="0.876" classname="com.qa.testcases.Authenticate_Test"/>
  <testcase name="getMyProfile" time="0.845" classname="com.qa.testcases.MyProfile_Test"/>
  <testcase name="setMyProfile" time="0.796" classname="com.qa.testcases.MyProfile_Test"/>
</testsuite> <!-- Test -->
