<?xml version="1.0" encoding="UTF-8"?>
<testsuite xmlns:xsi="http://www.w3.org/2001/XMLSchema-instance" xsi:noNamespaceSchemaLocation="https://maven.apache.org/surefire/maven-surefire-plugin/xsd/surefire-test-report-3.0.xsd" version="3.0" name="TestSuite" time="15.041" tests="6" errors="0" skipped="0" failures="0">
  <properties>
[...]
</properties>
  <testcase name="negativeAuthtest1" classname="com.qa.testcases.Authenticate_Test" time="6.447"/>
  <testcase name="negativeAuthtest2" classname="com.qa.testcases.Authenticate_Test" time="0.913"/>
  <testcase name="AuthresponseCode" classname="com.qa.testcases.Authenticate_Test" time="0.844"/>
  <testcase name="AuthresponseContent" classname="com.qa.testcases.Authenticate_Test" time="0.876"/>
  <testcase name="getMyProfile" classname="com.qa.testcases.MyProfile_Test" time="0.865"/>
  <testcase name="setMyProfile" classname="com.qa.testcases.MyProfile_Test" time="0.772"/>
</testsuite>