<?xml version="1.0" encoding="UTF-8"?>
<testng-results skipped="0" failed="0" ignored="0" total="6" passed="6">
  <reporter-output>
  </reporter-output>
  <suite name="Suite" duration-ms="11722" started-at="2019-03-24T18:16:27Z" finished-at="2019-03-24T18:16:38Z">
    <groups>
    </groups>
    <test name="Test" duration-ms="11722" started-at="2019-03-24T18:16:27Z" finished-at="2019-03-24T18:16:38Z">
      <class name="com.qa.testcases.Authenticate_Test">
        <test-method status="PASS" signature="Authenticate_Test()[pri:0, instance:com.qa.testcases.Authenticate_Test@2cb4c3ab]" name="Authenticate_Test" is-config="true" duration-ms="859" started-at="2019-03-24T18:16:27Z" finished-at="2019-03-24T18:16:28Z">
          <reporter-output>
          </reporter-output>
        </test-method> <!-- Authenticate_Test -->
        <test-method status="PASS" signature="setUp()[pri:0, instance:com.qa.testcases.Authenticate_Test@2cb4c3ab]" name="setUp" is-config="true" duration-ms="17" started-at="2019-03-24T18:16:28Z" finished-at="2019-03-24T18:16:28Z">
          <reporter-output>
          </reporter-output>
        </test-method> <!-- setUp -->
        <test-method status="PASS" signature="negativeAuthtest1()[pri:1, instance:com.qa.testcases.Authenticate_Test@2cb4c3ab]" name="negativeAuthtest1" duration-ms="6460" started-at="2019-03-24T18:16:28Z" finished-at="2019-03-24T18:16:34Z">
          <reporter-output>
          </reporter-output>
        </test-method> <!-- negativeAuthtest1 -->
        <test-method status="PASS" signature="negativeAuthtest2()[pri:2, instance:com.qa.testcases.Authenticate_Test@2cb4c3ab]" name="negativeAuthtest2" duration-ms="905" started-at="2019-03-24T18:16:34Z" finished-at="2019-03-24T18:16:35Z">
          <reporter-output>
          </reporter-output>
        </test-method> <!-- negativeAuthtest2 -->
        <test-method status="PASS" signature="AuthresponseCode()[pri:3, instance:com.qa.testcases.Authenticate_Test@2cb4c3ab]" name="AuthresponseCode" duration-ms="851" started-at="2019-03-24T18:16:35Z" finished-at="2019-03-24T18:16:36Z">
          <reporter-output>
          </reporter-output>
        </test-method> <!-- AuthresponseCode -->
        <test-method status="PASS" signature="AuthresponseContent()[pri:4, instance:com.qa.testcases.Authenticate_Test@2cb4c3ab]" name="AuthresponseContent" duration-ms="876" started-at="2019-03-24T18:16:36Z" finished-at="2019-03-24T18:16:37Z">
          <reporter-output>
          </reporter-output>
        </test-method> <!-- AuthresponseContent -->
      </class> <!-- com.qa.testcases.Authenticate_Test -->
      <class name="com.qa.testcases.MyProfile_Test">
        <test-method status="PASS" signature="setUp()[pri:0, instance:com.qa.testcases.MyProfile_Test@13c78c0b]" name="setUp" is-config="true" duration-ms="1" started-at="2019-03-24T18:16:37Z" finished-at="2019-03-24T18:16:37Z">
          <reporter-output>
          </reporter-output>
        </test-method> <!-- setUp -->
        <test-method status="PASS" signature="getMyProfile()[pri:5, instance:com.qa.testcases.MyProfile_Test@13c78c0b]" name="getMyProfile" duration-ms="845" started-at="2019-03-24T18:16:37Z" finished-at="2019-03-24T18:16:38Z">
          <reporter-output>
          </reporter-output>
        </test-method> <!-- getMyProfile -->
        <test-method status="PASS" signature="setMyProfile()[pri:5, instance:com.qa.testcases.MyProfile_Test@13c78c0b]" name="setMyProfile" duration-ms="796" started-at="2019-03-24T18:16:38Z" finished-at="2019-03-24T18:16:38Z">
          <reporter-output>
          </reporter-output>
        </test-method> <!-- setMyProfile -->
      </class> <!-- com.qa.testcases.MyProfile_Test -->
    </test> <!-- Test -->
  </suite> <!-- Suite -->
</testng-results>
